Determining if the pthread_create exist failed with the following output:
Change Dir: /home/jing/combine_ws/build/CMakeFiles/CMakeTmp

Run Build Command:"/usr/bin/make" "cmTC_35938/fast"
/usr/bin/make -f CMakeFiles/cmTC_35938.dir/build.make CMakeFiles/cmTC_35938.dir/build
make[1]: Entering directory '/home/jing/combine_ws/build/CMakeFiles/CMakeTmp'
Building C object CMakeFiles/cmTC_35938.dir/CheckSymbolExists.c.o
/usr/bin/cc     -o CMakeFiles/cmTC_35938.dir/CheckSymbolExists.c.o   -c /home/jing/combine_ws/build/CMakeFiles/CMakeTmp/CheckSymbolExists.c
Linking C executable cmTC_35938
/usr/bin/cmake -E cmake_link_script CMakeFiles/cmTC_35938.dir/link.txt --verbose=1
/usr/bin/cc       CMakeFiles/cmTC_35938.dir/CheckSymbolExists.c.o  -o cmTC_35938 -rdynamic 
CMakeFiles/cmTC_35938.dir/CheckSymbolExists.c.o: In function `main':
CheckSymbolExists.c:(.text+0x16): undefined reference to `pthread_create'
collect2: error: ld returned 1 exit status
CMakeFiles/cmTC_35938.dir/build.make:97: recipe for target 'cmTC_35938' failed
make[1]: *** [cmTC_35938] Error 1
make[1]: Leaving directory '/home/jing/combine_ws/build/CMakeFiles/CMakeTmp'
Makefile:126: recipe for target 'cmTC_35938/fast' failed
make: *** [cmTC_35938/fast] Error 2

File /home/jing/combine_ws/build/CMakeFiles/CMakeTmp/CheckSymbolExists.c:
/* */
#include <pthread.h>

int main(int argc, char** argv)
{
  (void)argv;
#ifndef pthread_create
  return ((int*)(&pthread_create))[argc];
#else
  (void)argc;
  return 0;
#endif
}

Determining if the function pthread_create exists in the pthreads failed with the following output:
Change Dir: /home/jing/combine_ws/build/CMakeFiles/CMakeTmp

Run Build Command:"/usr/bin/make" "cmTC_be653/fast"
/usr/bin/make -f CMakeFiles/cmTC_be653.dir/build.make CMakeFiles/cmTC_be653.dir/build
make[1]: Entering directory '/home/jing/combine_ws/build/CMakeFiles/CMakeTmp'
Building C object CMakeFiles/cmTC_be653.dir/CheckFunctionExists.c.o
/usr/bin/cc    -DCHECK_FUNCTION_EXISTS=pthread_create   -o CMakeFiles/cmTC_be653.dir/CheckFunctionExists.c.o   -c /usr/share/cmake-3.5/Modules/CheckFunctionExists.c
Linking C executable cmTC_be653
/usr/bin/cmake -E cmake_link_script CMakeFiles/cmTC_be653.dir/link.txt --verbose=1
/usr/bin/cc   -DCHECK_FUNCTION_EXISTS=pthread_create    CMakeFiles/cmTC_be653.dir/CheckFunctionExists.c.o  -o cmTC_be653 -rdynamic -lpthreads 
/usr/bin/ld: cannot find -lpthreads
collect2: error: ld returned 1 exit status
CMakeFiles/cmTC_be653.dir/build.make:97: recipe for target 'cmTC_be653' failed
make[1]: *** [cmTC_be653] Error 1
make[1]: Leaving directory '/home/jing/combine_ws/build/CMakeFiles/CMakeTmp'
Makefile:126: recipe for target 'cmTC_be653/fast' failed
make: *** [cmTC_be653/fast] Error 2


